<?xml version="1.0" encoding="UTF-8"?>
<!-- Generated by org.testng.reporters.JUnitReportReporter -->
<testsuite hostname="Kshitijs-MacBook-Air.local" failures="0" tests="4" name="pom_using_bdd.LoginFormTest" time="123.687" errors="0" timestamp="2025-04-13T11:10:29 IST" skipped="0">
  <testcase classname="pom_using_bdd.LoginFormTest" name="Setup" time="43.972"/>
  <testcase classname="pom_using_bdd.LoginFormTest" name="LoginFormT" time="49.464"/>
  <testcase classname="pom_using_bdd.LoginFormTest" name="MouseHoverTest" time="4.207"/>
  <testcase classname="pom_using_bdd.LoginFormTest" name="SignupFormTest" time="26.044"/>
</testsuite> <!-- pom_using_bdd.LoginFormTest -->
