<?xml version="1.0" encoding="UTF-8"?>
<!-- Generated by org.testng.reporters.JUnitReportReporter -->
<testsuite hostname="Kshitijs-MacBook-Air.local" failures="0" tests="1" name="extentreportdemo.TestBrokenValidLinks" time="30.791" errors="0" timestamp="2025-04-11T15:43:08 IST" skipped="0">
  <testcase classname="extentreportdemo.TestBrokenValidLinks" name="SEOTest" time="30.791"/>
</testsuite> <!-- extentreportdemo.TestBrokenValidLinks -->
