<?xml version="1.0" encoding="UTF-8"?>
<!-- Generated by org.testng.reporters.JUnitReportReporter -->
<testsuite hostname="Kshitijs-MacBook-Air.local" failures="0" tests="1" name="badd_framework.AddnewRow_InExcelSheet" time="1.952" errors="0" timestamp="2025-04-06T10:40:44 IST" skipped="0">
  <testcase classname="badd_framework.AddnewRow_InExcelSheet" name="AddNewRow" time="1.952"/>
</testsuite> <!-- badd_framework.AddnewRow_InExcelSheet -->
